<?xml version="1.0" encoding="UTF-8"?>
<testsuite xmlns:xsi="http://www.w3.org/2001/XMLSchema-instance" xsi:noNamespaceSchemaLocation="https://maven.apache.org/surefire/maven-surefire-plugin/xsd/surefire-test-report-3.0.xsd" version="3.0" name="TestSuite" time="2.416" tests="1" errors="0" skipped="0" failures="0">
  <properties>
[...]
</properties>
  <testcase name="testFacebookLinks" classname="TestScenario.FacebookLinkFinderHeadless" time="1.023">
    <system-out><![CDATA[The total link text present: 47
*********************************
Size of arrayList47
1 ArrayList Text: https://www.facebook.com/#
2 ArrayList Text: https://www.facebook.com/recover/initiate/?privacy_mutation_token=eyJ0eXBlIjowLCJjcmVhdGlvbl90aW1lIjoxNzE1ODAwNDQ0LCJjYWxsc2l0ZV9pZCI6MzgxMjI5MDc5NTc1OTQ2fQ%3D%3D&ars=facebook_login
3 ArrayList Text: https://www.facebook.com/#
4 ArrayList Text: https://www.facebook.com/pages/create/?ref_type=registration_form
5 ArrayList Text: https://ur-pk.facebook.com/
6 ArrayList Text: https://mr-in.facebook.com/
7 ArrayList Text: https://te-in.facebook.com/
8 ArrayList Text: https://hi-in.facebook.com/
9 ArrayList Text: https://ta-in.facebook.com/
10 ArrayList Text: https://ml-in.facebook.com/
11 ArrayList Text: https://bn-in.facebook.com/
12 ArrayList Text: https://gu-in.facebook.com/
13 ArrayList Text: https://pa-in.facebook.com/
14 ArrayList Text: https://en-gb.facebook.com/
15 ArrayList Text: https://www.facebook.com/#
16 ArrayList Text: https://www.facebook.com/reg/
17 ArrayList Text: https://www.facebook.com/login/
18 ArrayList Text: https://messenger.com/
19 ArrayList Text: https://www.facebook.com/lite/
20 ArrayList Text: https://www.facebook.com/watch/
21 ArrayList Text: https://www.facebook.com/places/
22 ArrayList Text: https://www.facebook.com/games/
23 ArrayList Text: https://www.facebook.com/marketplace/
24 ArrayList Text: https://pay.facebook.com/
25 ArrayList Text: https://www.meta.com/
26 ArrayList Text: https://www.meta.com/quest/
27 ArrayList Text: https://www.meta.ai/
28 ArrayList Text: https://l.facebook.com/l.php?u=https%3A%2F%2Fwww.instagram.com%2F&h=AT1ZavLgbvGaqohx6of_wxv3Ok2kUqfAsSWIgY2BWkuUi0OAt9eKE0HrwWuwGdQrVkW0Me7T5fKVri_BGcHgDvKU12JTXEmrWnL32j7ovt6mw1cnk-HlCnBs2xIbC1wk8g7aAmuw3vOl-N1KRd-bzDyYxvfrysk38gXwFVjwjDg
29 ArrayList Text: https://www.threads.net/
30 ArrayList Text: https://www.facebook.com/fundraisers/
31 ArrayList Text: https://www.facebook.com/biz/directory/
32 ArrayList Text: https://www.facebook.com/votinginformationcenter/?entry_point=c2l0ZQ%3D%3D
33 ArrayList Text: https://www.facebook.com/privacy/policy/?entry_point=facebook_page_footer
34 ArrayList Text: https://www.facebook.com/privacy/center/?entry_point=facebook_page_footer
35 ArrayList Text: https://www.facebook.com/groups/discover/
36 ArrayList Text: https://about.meta.com/
37 ArrayList Text: https://www.facebook.com/ad_campaign/landing.php?placement=pflo&campaign_id=402047449186&nav_source=unknown&extra_1=auto
38 ArrayList Text: https://www.facebook.com/pages/create/?ref_type=site_footer
39 ArrayList Text: https://developers.facebook.com/?ref=pf
40 ArrayList Text: https://www.facebook.com/careers/?ref=pf
41 ArrayList Text: https://www.facebook.com/policies/cookies/
42 ArrayList Text: https://www.facebook.com/help/568137493302217
43 ArrayList Text: https://www.facebook.com/policies?ref=pf
44 ArrayList Text: https://www.facebook.com/help/?ref=pf
45 ArrayList Text: https://www.facebook.com/help/637205020878504
46 ArrayList Text: https://www.facebook.com/settings
47 ArrayList Text: https://www.facebook.com/allactivity?privacy_source=activity_log_top_menu
]]></system-out>
    <system-err><![CDATA[SLF4J: Failed to load class "org.slf4j.impl.StaticLoggerBinder".
SLF4J: Defaulting to no-operation (NOP) logger implementation
SLF4J: See http://www.slf4j.org/codes.html#StaticLoggerBinder for further details.
May 16, 2024 12:44:04 AM org.openqa.selenium.devtools.CdpVersionFinder findNearestMatch
WARNING: Unable to find an exact match for CDP version 124, returning the closest version; found: 122; Please update to a Selenium version that supports CDP version 124
]]></system-err>
  </testcase>
</testsuite>