<?xml version="1.0" encoding="UTF-8"?>
<testng-results ignored="0" total="1" passed="1" failed="0" skipped="0">
  <reporter-output>
  </reporter-output>
  <suite started-at="2024-05-16T00:35:54 IST" name="Default suite" finished-at="2024-05-16T00:35:56 IST" duration-ms="2046">
    <groups>
    </groups>
    <test started-at="2024-05-16T00:35:54 IST" name="Default test" finished-at="2024-05-16T00:35:56 IST" duration-ms="2046">
      <class name="TestScenario.FacebookLinkFinderHeadless">
        <test-method is-config="true" signature="setUp()[pri:0, instance:TestScenario.FacebookLinkFinderHeadless@1ffaf86]" started-at="2024-05-16T00:35:54 IST" name="setUp" finished-at="2024-05-16T00:35:55 IST" duration-ms="999" status="PASS">
          <reporter-output>
          </reporter-output>
        </test-method> <!-- setUp -->
        <test-method signature="testFacebookLinks()[pri:0, instance:TestScenario.FacebookLinkFinderHeadless@1ffaf86]" started-at="2024-05-16T00:35:55 IST" name="testFacebookLinks" finished-at="2024-05-16T00:35:56 IST" duration-ms="959" status="PASS">
          <reporter-output>
          </reporter-output>
        </test-method> <!-- testFacebookLinks -->
        <test-method is-config="true" signature="tearDown()[pri:0, instance:TestScenario.FacebookLinkFinderHeadless@1ffaf86]" started-at="2024-05-16T00:35:56 IST" name="tearDown" finished-at="2024-05-16T00:35:56 IST" duration-ms="76" status="PASS">
          <reporter-output>
          </reporter-output>
        </test-method> <!-- tearDown -->
      </class> <!-- TestScenario.FacebookLinkFinderHeadless -->
    </test> <!-- Default test -->
  </suite> <!-- Default suite -->
</testng-results>
